Tue Mar 11 20:45:16 UTC 2025 - Günlük otomatik commit
Tue Mar 11 20:49:54 UTC 2025 - Daily activity
Wed Mar 12 00:52:43 UTC 2025 - Daily activity
Wed Mar 12 10:39:30 UTC 2025 - Daily activity
Wed Mar 12 10:41:22 UTC 2025 - Daily activity
Thu Mar 13 00:53:26 UTC 2025 - Daily activity
Fri Mar 14 00:52:37 UTC 2025 - Daily activity
Sat Mar 15 00:52:17 UTC 2025 - Daily activity
Sun Mar 16 00:57:22 UTC 2025 - Daily activity
Mon Mar 17 00:55:17 UTC 2025 - Daily activity
Tue Mar 18 00:53:18 UTC 2025 - Daily activity
Wed Mar 19 00:53:51 UTC 2025 - Daily activity
Thu Mar 20 00:52:54 UTC 2025 - Daily activity
Fri Mar 21 00:54:09 UTC 2025 - Daily activity
Sat Mar 22 00:52:34 UTC 2025 - Daily activity
Sun Mar 23 00:57:48 UTC 2025 - Daily activity
Mon Mar 24 00:55:48 UTC 2025 - Daily activity
Tue Mar 25 00:54:30 UTC 2025 - Daily activity
Wed Mar 26 00:54:07 UTC 2025 - Daily activity
Thu Mar 27 00:54:01 UTC 2025 - Daily activity
Fri Mar 28 00:53:58 UTC 2025 - Daily activity
Sat Mar 29 00:53:30 UTC 2025 - Daily activity
Sun Mar 30 00:58:46 UTC 2025 - Daily activity
Mon Mar 31 00:57:33 UTC 2025 - Daily activity
Tue Apr  1 01:01:29 UTC 2025 - Daily activity
Wed Apr  2 00:55:14 UTC 2025 - Daily activity
Thu Apr  3 00:54:36 UTC 2025 - Daily activity
Fri Apr  4 00:54:10 UTC 2025 - Daily activity
Sat Apr  5 00:53:27 UTC 2025 - Daily activity
Sun Apr  6 00:58:22 UTC 2025 - Daily activity
Mon Apr  7 00:56:37 UTC 2025 - Daily activity
Tue Apr  8 00:54:40 UTC 2025 - Daily activity
Wed Apr  9 00:54:46 UTC 2025 - Daily activity
Thu Apr 10 00:54:45 UTC 2025 - Daily activity
Fri Apr 11 00:55:15 UTC 2025 - Daily activity
Sat Apr 12 00:54:21 UTC 2025 - Daily activity
Sun Apr 13 02:24:46 UTC 2025 - Daily activity
Mon Apr 14 00:58:03 UTC 2025 - Daily activity
Tue Apr 15 00:56:31 UTC 2025 - Daily activity
Wed Apr 16 00:56:24 UTC 2025 - Daily activity
Thu Apr 17 00:55:21 UTC 2025 - Daily activity
Fri Apr 18 00:54:50 UTC 2025 - Daily activity
Sat Apr 19 00:53:07 UTC 2025 - Daily activity
Sun Apr 20 01:00:04 UTC 2025 - Daily activity
Mon Apr 21 00:58:55 UTC 2025 - Daily activity
Tue Apr 22 00:55:52 UTC 2025 - Daily activity
Wed Apr 23 00:56:25 UTC 2025 - Daily activity
Thu Apr 24 00:56:30 UTC 2025 - Daily activity
Fri Apr 25 00:56:25 UTC 2025 - Daily activity
Sat Apr 26 00:54:34 UTC 2025 - Daily activity
Sun Apr 27 00:59:55 UTC 2025 - Daily activity
Mon Apr 28 00:58:20 UTC 2025 - Daily activity
Tue Apr 29 00:56:30 UTC 2025 - Daily activity
Wed Apr 30 00:56:52 UTC 2025 - Daily activity
